# JRE version: Java(TM) SE Runtime Environment (18.0.2.1+1) (build 18.0.2.1+1-1)
# Java VM: Java HotSpot(TM) 64-Bit Server VM (18.0.2.1+1-1, mixed mode, sharing, tiered, compressed oops, compressed class ptrs, parallel gc, windows-amd64)
GC Precious Log:
 CardTable entry size: 512
 CPUs: 16 total, 16 available
 Memory: 32696M
 Large Page Support: Disabled
 NUMA Support: Disabled
 Compressed Oops: Enabled (32-bit)
 Alignments: Space 512K, Generation 512K, Heap 2M
 Heap Min Capacity: 100M
 Heap Initial Capacity: 100M
 Heap Max Capacity: 2G
 Pre-touch: Disabled
 Parallel Workers: 13
Heap:
 PSYoungGen      total 24576K, used 18707K [0x00000000d5580000, 0x00000000d7200000, 0x0000000100000000)
  eden space 20992K, 73% used [0x00000000d5580000,0x00000000d648cf68,0x00000000d6a00000)
  from space 3584K, 91% used [0x00000000d6a00000,0x00000000d6d38020,0x00000000d6d80000)
  to   space 4096K, 0% used [0x00000000d6e00000,0x00000000d6e00000,0x00000000d7200000)
 ParOldGen       total 68608K, used 21667K [0x0000000080000000, 0x0000000084300000, 0x00000000d5580000)
  object space 68608K, 31% used [0x0000000080000000,0x0000000081528d70,0x0000000084300000)
 Metaspace       used 39195K, committed 40192K, reserved 1114112K
  class space    used 4093K, committed 4544K, reserved 1048576K
GC Heap History (20 events):
Event: 2.970 GC heap before
{Heap before GC invocations=7 (full 1):
 PSYoungGen      total 29696K, used 4273K [0x00000000d5580000, 0x00000000d7780000, 0x0000000100000000)
  eden space 25088K, 0% used [0x00000000d5580000,0x00000000d5580000,0x00000000d6e00000)
  from space 4608K, 92% used [0x00000000d7300000,0x00000000d772c5e0,0x00000000d7780000)
  to   space 4608K, 0% used [0x00000000d6e80000,0x00000000d6e80000,0x00000000d7300000)
 ParOldGen       total 68608K, used 6113K [0x0000000080000000, 0x0000000084300000, 0x00000000d5580000)
  object space 68608K, 8% used [0x0000000080000000,0x00000000805f86b8,0x0000000084300000)
 Metaspace       used 20932K, committed 21504K, reserved 1114112K
  class space    used 1945K, committed 2240K, reserved 1048576K
}
Event: 2.989 GC heap after
{Heap after GC invocations=7 (full 1):
 PSYoungGen      total 29696K, used 0K [0x00000000d5580000, 0x00000000d7780000, 0x0000000100000000)
  eden space 25088K, 0% used [0x00000000d5580000,0x00000000d5580000,0x00000000d6e00000)
  from space 4608K, 0% used [0x00000000d7300000,0x00000000d7300000,0x00000000d7780000)
  to   space 4608K, 0% used [0x00000000d6e80000,0x00000000d6e80000,0x00000000d7300000)
 ParOldGen       total 68608K, used 9805K [0x0000000080000000, 0x0000000084300000, 0x00000000d5580000)
  object space 68608K, 14% used [0x0000000080000000,0x0000000080993460,0x0000000084300000)
 Metaspace       used 20919K, committed 21504K, reserved 1114112K
  class space    used 1941K, committed 2240K, reserved 1048576K
}
Event: 3.409 GC heap before
{Heap before GC invocations=8 (full 1):
 PSYoungGen      total 29696K, used 25088K [0x00000000d5580000, 0x00000000d7780000, 0x0000000100000000)
  eden space 25088K, 100% used [0x00000000d5580000,0x00000000d6e00000,0x00000000d6e00000)
  from space 4608K, 0% used [0x00000000d7300000,0x00000000d7300000,0x00000000d7780000)
  to   space 4608K, 0% used [0x00000000d6e80000,0x00000000d6e80000,0x00000000d7300000)
 ParOldGen       total 68608K, used 9805K [0x0000000080000000, 0x0000000084300000, 0x00000000d5580000)
  object space 68608K, 14% used [0x0000000080000000,0x0000000080993460,0x0000000084300000)
 Metaspace       used 24133K, committed 24704K, reserved 1114112K
  class space    used 2248K, committed 2496K, reserved 1048576K
}
Event: 3.411 GC heap after
{Heap after GC invocations=8 (full 1):
 PSYoungGen      total 26624K, used 2044K [0x00000000d5580000, 0x00000000d7380000, 0x0000000100000000)
  eden space 24576K, 0% used [0x00000000d5580000,0x00000000d5580000,0x00000000d6d80000)
  from space 2048K, 99% used [0x00000000d6e80000,0x00000000d707f078,0x00000000d7080000)
  to   space 3072K, 0% used [0x00000000d7080000,0x00000000d7080000,0x00000000d7380000)
 ParOldGen       total 68608K, used 9813K [0x0000000080000000, 0x0000000084300000, 0x00000000d5580000)
  object space 68608K, 14% used [0x0000000080000000,0x0000000080995460,0x0000000084300000)
 Metaspace       used 24133K, committed 24704K, reserved 1114112K
  class space    used 2248K, committed 2496K, reserved 1048576K
}
Event: 3.846 GC heap before
{Heap before GC invocations=9 (full 1):
 PSYoungGen      total 26624K, used 26620K [0x00000000d5580000, 0x00000000d7380000, 0x0000000100000000)
  eden space 24576K, 100% used [0x00000000d5580000,0x00000000d6d80000,0x00000000d6d80000)
  from space 2048K, 99% used [0x00000000d6e80000,0x00000000d707f078,0x00000000d7080000)
  to   space 3072K, 0% used [0x00000000d7080000,0x00000000d7080000,0x00000000d7380000)
 ParOldGen       total 68608K, used 9813K [0x0000000080000000, 0x0000000084300000, 0x00000000d5580000)
  object space 68608K, 14% used [0x0000000080000000,0x0000000080995460,0x0000000084300000)
 Metaspace       used 27908K, committed 28672K, reserved 1114112K
  class space    used 2725K, committed 3072K, reserved 1048576K
}
Event: 3.849 GC heap after
{Heap after GC invocations=9 (full 1):
 PSYoungGen      total 27136K, used 3071K [0x00000000d5580000, 0x00000000d7400000, 0x0000000100000000)
  eden space 24064K, 0% used [0x00000000d5580000,0x00000000d5580000,0x00000000d6d00000)
  from space 3072K, 99% used [0x00000000d7080000,0x00000000d737fd08,0x00000000d7380000)
  to   space 3584K, 0% used [0x00000000d6d00000,0x00000000d6d00000,0x00000000d7080000)
 ParOldGen       total 68608K, used 9869K [0x0000000080000000, 0x0000000084300000, 0x00000000d5580000)
  object space 68608K, 14% used [0x0000000080000000,0x00000000809a3460,0x0000000084300000)
 Metaspace       used 27908K, committed 28672K, reserved 1114112K
  class space    used 2725K, committed 3072K, reserved 1048576K
}
Event: 4.338 GC heap before
{Heap before GC invocations=10 (full 1):
 PSYoungGen      total 27136K, used 27135K [0x00000000d5580000, 0x00000000d7400000, 0x0000000100000000)
  eden space 24064K, 100% used [0x00000000d5580000,0x00000000d6d00000,0x00000000d6d00000)
  from space 3072K, 99% used [0x00000000d7080000,0x00000000d737fd08,0x00000000d7380000)
  to   space 3584K, 0% used [0x00000000d6d00000,0x00000000d6d00000,0x00000000d7080000)
 ParOldGen       total 68608K, used 9869K [0x0000000080000000, 0x0000000084300000, 0x00000000d5580000)
  object space 68608K, 14% used [0x0000000080000000,0x00000000809a3460,0x0000000084300000)
 Metaspace       used 30885K, committed 31616K, reserved 1114112K
  class space    used 3092K, committed 3392K, reserved 1048576K
}
Event: 4.343 GC heap after
{Heap after GC invocations=10 (full 1):
 PSYoungGen      total 27136K, used 3575K [0x00000000d5580000, 0x00000000d7580000, 0x0000000100000000)
  eden space 23552K, 0% used [0x00000000d5580000,0x00000000d5580000,0x00000000d6c80000)
  from space 3584K, 99% used [0x00000000d6d00000,0x00000000d707de00,0x00000000d7080000)
  to   space 4608K, 0% used [0x00000000d7100000,0x00000000d7100000,0x00000000d7580000)
 ParOldGen       total 68608K, used 10522K [0x0000000080000000, 0x0000000084300000, 0x00000000d5580000)
  object space 68608K, 15% used [0x0000000080000000,0x0000000080a46920,0x0000000084300000)
 Metaspace       used 30885K, committed 31616K, reserved 1114112K
  class space    used 3092K, committed 3392K, reserved 1048576K
}
Event: 4.883 GC heap before
{Heap before GC invocations=11 (full 1):
 PSYoungGen      total 27136K, used 27127K [0x00000000d5580000, 0x00000000d7580000, 0x0000000100000000)
  eden space 23552K, 100% used [0x00000000d5580000,0x00000000d6c80000,0x00000000d6c80000)
  from space 3584K, 99% used [0x00000000d6d00000,0x00000000d707de00,0x00000000d7080000)
  to   space 4608K, 0% used [0x00000000d7100000,0x00000000d7100000,0x00000000d7580000)
 ParOldGen       total 68608K, used 10522K [0x0000000080000000, 0x0000000084300000, 0x00000000d5580000)
  object space 68608K, 15% used [0x0000000080000000,0x0000000080a46920,0x0000000084300000)
 Metaspace       used 33283K, committed 34048K, reserved 1114112K
  class space    used 3393K, committed 3712K, reserved 1048576K
}
Event: 4.886 GC heap after
{Heap after GC invocations=11 (full 1):
 PSYoungGen      total 25088K, used 2017K [0x00000000d5580000, 0x00000000d7300000, 0x0000000100000000)
  eden space 23040K, 0% used [0x00000000d5580000,0x00000000d5580000,0x00000000d6c00000)
  from space 2048K, 98% used [0x00000000d7100000,0x00000000d72f8600,0x00000000d7300000)
  to   space 3072K, 0% used [0x00000000d6d00000,0x00000000d6d00000,0x00000000d7000000)
 ParOldGen       total 68608K, used 13044K [0x0000000080000000, 0x0000000084300000, 0x00000000d5580000)
  object space 68608K, 19% used [0x0000000080000000,0x0000000080cbd268,0x0000000084300000)
 Metaspace       used 33283K, committed 34048K, reserved 1114112K
  class space    used 3393K, committed 3712K, reserved 1048576K
}
Event: 5.215 GC heap before
{Heap before GC invocations=12 (full 1):
 PSYoungGen      total 25088K, used 16732K [0x00000000d5580000, 0x00000000d7300000, 0x0000000100000000)
  eden space 23040K, 63% used [0x00000000d5580000,0x00000000d63dece0,0x00000000d6c00000)
  from space 2048K, 98% used [0x00000000d7100000,0x00000000d72f8600,0x00000000d7300000)
  to   space 3072K, 0% used [0x00000000d6d00000,0x00000000d6d00000,0x00000000d7000000)
 ParOldGen       total 68608K, used 13044K [0x0000000080000000, 0x0000000084300000, 0x00000000d5580000)
  object space 68608K, 19% used [0x0000000080000000,0x0000000080cbd268,0x0000000084300000)
 Metaspace       used 35080K, committed 35840K, reserved 1114112K
  class space    used 3638K, committed 3968K, reserved 1048576K
}
Event: 5.217 GC heap after
{Heap after GC invocations=12 (full 1):
 PSYoungGen      total 24576K, used 1120K [0x00000000d5580000, 0x00000000d7180000, 0x0000000100000000)
  eden space 23040K, 0% used [0x00000000d5580000,0x00000000d5580000,0x00000000d6c00000)
  from space 1536K, 72% used [0x00000000d6d00000,0x00000000d6e18000,0x00000000d6e80000)
  to   space 2048K, 0% used [0x00000000d6f80000,0x00000000d6f80000,0x00000000d7180000)
 ParOldGen       total 68608K, used 14798K [0x0000000080000000, 0x0000000084300000, 0x00000000d5580000)
  object space 68608K, 21% used [0x0000000080000000,0x0000000080e73ae8,0x0000000084300000)
 Metaspace       used 35080K, committed 35840K, reserved 1114112K
  class space    used 3638K, committed 3968K, reserved 1048576K
}
Event: 5.217 GC heap before
{Heap before GC invocations=13 (full 2):
 PSYoungGen      total 24576K, used 1120K [0x00000000d5580000, 0x00000000d7180000, 0x0000000100000000)
  eden space 23040K, 0% used [0x00000000d5580000,0x00000000d5580000,0x00000000d6c00000)
  from space 1536K, 72% used [0x00000000d6d00000,0x00000000d6e18000,0x00000000d6e80000)
  to   space 2048K, 0% used [0x00000000d6f80000,0x00000000d6f80000,0x00000000d7180000)
 ParOldGen       total 68608K, used 14798K [0x0000000080000000, 0x0000000084300000, 0x00000000d5580000)
  object space 68608K, 21% used [0x0000000080000000,0x0000000080e73ae8,0x0000000084300000)
 Metaspace       used 35080K, committed 35840K, reserved 1114112K
  class space    used 3638K, committed 3968K, reserved 1048576K
}
Event: 5.238 GC heap after
{Heap after GC invocations=13 (full 2):
 PSYoungGen      total 24576K, used 0K [0x00000000d5580000, 0x00000000d7180000, 0x0000000100000000)
  eden space 23040K, 0% used [0x00000000d5580000,0x00000000d5580000,0x00000000d6c00000)
  from space 1536K, 0% used [0x00000000d6d00000,0x00000000d6d00000,0x00000000d6e80000)
  to   space 2048K, 0% used [0x00000000d6f80000,0x00000000d6f80000,0x00000000d7180000)
 ParOldGen       total 68608K, used 15202K [0x0000000080000000, 0x0000000084300000, 0x00000000d5580000)
  object space 68608K, 22% used [0x0000000080000000,0x0000000080ed8a38,0x0000000084300000)
 Metaspace       used 35080K, committed 35840K, reserved 1114112K
  class space    used 3638K, committed 3968K, reserved 1048576K
}
Event: 5.911 GC heap before
{Heap before GC invocations=14 (full 2):
 PSYoungGen      total 24576K, used 23040K [0x00000000d5580000, 0x00000000d7180000, 0x0000000100000000)
  eden space 23040K, 100% used [0x00000000d5580000,0x00000000d6c00000,0x00000000d6c00000)
  from space 1536K, 0% used [0x00000000d6d00000,0x00000000d6d00000,0x00000000d6e80000)
  to   space 2048K, 0% used [0x00000000d6f80000,0x00000000d6f80000,0x00000000d7180000)
 ParOldGen       total 68608K, used 15202K [0x0000000080000000, 0x0000000084300000, 0x00000000d5580000)
  object space 68608K, 22% used [0x0000000080000000,0x0000000080ed8a38,0x0000000084300000)
 Metaspace       used 38058K, committed 39040K, reserved 1114112K
  class space    used 3970K, committed 4416K, reserved 1048576K
}
Event: 5.913 GC heap after
{Heap after GC invocations=14 (full 2):
 PSYoungGen      total 24576K, used 2023K [0x00000000d5580000, 0x00000000d7180000, 0x0000000100000000)
  eden space 22528K, 0% used [0x00000000d5580000,0x00000000d5580000,0x00000000d6b80000)
  from space 2048K, 98% used [0x00000000d6f80000,0x00000000d7179f70,0x00000000d7180000)
  to   space 2560K, 0% used [0x00000000d6c80000,0x00000000d6c80000,0x00000000d6f00000)
 ParOldGen       total 68608K, used 15298K [0x0000000080000000, 0x0000000084300000, 0x00000000d5580000)
  object space 68608K, 22% used [0x0000000080000000,0x0000000080ef0a38,0x0000000084300000)
 Metaspace       used 38058K, committed 39040K, reserved 1114112K
  class space    used 3970K, committed 4416K, reserved 1048576K
}
Event: 6.151 GC heap before
{Heap before GC invocations=15 (full 2):
 PSYoungGen      total 24576K, used 24551K [0x00000000d5580000, 0x00000000d7180000, 0x0000000100000000)
  eden space 22528K, 100% used [0x00000000d5580000,0x00000000d6b80000,0x00000000d6b80000)
  from space 2048K, 98% used [0x00000000d6f80000,0x00000000d7179f70,0x00000000d7180000)
  to   space 2560K, 0% used [0x00000000d6c80000,0x00000000d6c80000,0x00000000d6f00000)
 ParOldGen       total 68608K, used 15298K [0x0000000080000000, 0x0000000084300000, 0x00000000d5580000)
  object space 68608K, 22% used [0x0000000080000000,0x0000000080ef0a38,0x0000000084300000)
 Metaspace       used 39051K, committed 40000K, reserved 1114112K
  class space    used 4078K, committed 4480K, reserved 1048576K
}
Event: 6.154 GC heap after
{Heap after GC invocations=15 (full 2):
 PSYoungGen      total 24576K, used 2432K [0x00000000d5580000, 0x00000000d7000000, 0x0000000100000000)
  eden space 22016K, 0% used [0x00000000d5580000,0x00000000d5580000,0x00000000d6b00000)
  from space 2560K, 95% used [0x00000000d6c80000,0x00000000d6ee0020,0x00000000d6f00000)
  to   space 1024K, 0% used [0x00000000d6f00000,0x00000000d6f00000,0x00000000d7000000)
 ParOldGen       total 68608K, used 17342K [0x0000000080000000, 0x0000000084300000, 0x00000000d5580000)
  object space 68608K, 25% used [0x0000000080000000,0x00000000810ef9e8,0x0000000084300000)
 Metaspace       used 39051K, committed 40000K, reserved 1114112K
  class space    used 4078K, committed 4480K, reserved 1048576K
}
Event: 6.267 GC heap before
{Heap before GC invocations=16 (full 2):
 PSYoungGen      total 24576K, used 24448K [0x00000000d5580000, 0x00000000d7000000, 0x0000000100000000)
  eden space 22016K, 100% used [0x00000000d5580000,0x00000000d6b00000,0x00000000d6b00000)
  from space 2560K, 95% used [0x00000000d6c80000,0x00000000d6ee0020,0x00000000d6f00000)
  to   space 1024K, 0% used [0x00000000d6f00000,0x00000000d6f00000,0x00000000d7000000)
 ParOldGen       total 68608K, used 17342K [0x0000000080000000, 0x0000000084300000, 0x00000000d5580000)
  object space 68608K, 25% used [0x0000000080000000,0x00000000810ef9e8,0x0000000084300000)
 Metaspace       used 39143K, committed 40064K, reserved 1114112K
  class space    used 4083K, committed 4480K, reserved 1048576K
}
Event: 6.269 GC heap after
{Heap after GC invocations=16 (full 2):
 PSYoungGen      total 22016K, used 1024K [0x00000000d5580000, 0x00000000d7500000, 0x0000000100000000)
  eden space 20992K, 0% used [0x00000000d5580000,0x00000000d5580000,0x00000000d6a00000)
  from space 1024K, 100% used [0x00000000d6f00000,0x00000000d7000000,0x00000000d7000000)
  to   space 5120K, 0% used [0x00000000d6a00000,0x00000000d6a00000,0x00000000d6f00000)
 ParOldGen       total 68608K, used 20611K [0x0000000080000000, 0x0000000084300000, 0x00000000d5580000)
  object space 68608K, 30% used [0x0000000080000000,0x0000000081420d70,0x0000000084300000)
 Metaspace       used 39143K, committed 40064K, reserved 1114112K
  class space    used 4083K, committed 4480K, reserved 1048576K
}

