# JRE version: Java(TM) SE Runtime Environment (18.0.2.1+1) (build 18.0.2.1+1-1)
# Java VM: Java HotSpot(TM) 64-Bit Server VM (18.0.2.1+1-1, mixed mode, sharing, tiered, compressed oops, compressed class ptrs, parallel gc, windows-amd64)
GC Precious Log:
 CardTable entry size: 512
 CPUs: 16 total, 16 available
 Memory: 32696M
 Large Page Support: Disabled
 NUMA Support: Disabled
 Compressed Oops: Enabled (32-bit)
 Alignments: Space 512K, Generation 512K, Heap 2M
 Heap Min Capacity: 100M
 Heap Initial Capacity: 100M
 Heap Max Capacity: 2G
 Pre-touch: Disabled
 Parallel Workers: 13
Heap:
 PSYoungGen      total 17408K, used 1713K [0x00000000d5580000, 0x00000000d6d00000, 0x0000000100000000)
  eden space 12288K, 13% used [0x00000000d5580000,0x00000000d572c780,0x00000000d6180000)
  from space 5120K, 0% used [0x00000000d6180000,0x00000000d6180000,0x00000000d6680000)
  to   space 5120K, 0% used [0x00000000d6800000,0x00000000d6800000,0x00000000d6d00000)
 ParOldGen       total 271360K, used 268704K [0x0000000080000000, 0x0000000090900000, 0x00000000d5580000)
  object space 271360K, 99% used [0x0000000080000000,0x00000000906682d8,0x0000000090900000)
 Metaspace       used 54067K, committed 55168K, reserved 1114112K
  class space    used 5405K, committed 5888K, reserved 1048576K
GC Heap History (20 events):
Event: 14.882 GC heap before
{Heap before GC invocations=188 (full 10):
 PSYoungGen      total 10240K, used 10221K [0x00000000d5580000, 0x00000000d6600000, 0x0000000100000000)
  eden space 7680K, 100% used [0x00000000d5580000,0x00000000d5d00000,0x00000000d5d00000)
  from space 2560K, 99% used [0x00000000d5e00000,0x00000000d607b550,0x00000000d6080000)
  to   space 4608K, 0% used [0x00000000d6180000,0x00000000d6180000,0x00000000d6600000)
 ParOldGen       total 271360K, used 241997K [0x0000000080000000, 0x0000000090900000, 0x00000000d5580000)
  object space 271360K, 89% used [0x0000000080000000,0x000000008ec537c0,0x0000000090900000)
 Metaspace       used 52652K, committed 53760K, reserved 1114112K
  class space    used 5291K, committed 5760K, reserved 1048576K
}
Event: 14.885 GC heap after
{Heap after GC invocations=188 (full 10):
 PSYoungGen      total 10240K, used 2329K [0x00000000d5580000, 0x00000000d6400000, 0x0000000100000000)
  eden space 7680K, 0% used [0x00000000d5580000,0x00000000d5580000,0x00000000d5d00000)
  from space 2560K, 90% used [0x00000000d6180000,0x00000000d63c64f8,0x00000000d6400000)
  to   space 3072K, 0% used [0x00000000d5e00000,0x00000000d5e00000,0x00000000d6100000)
 ParOldGen       total 271360K, used 244399K [0x0000000080000000, 0x0000000090900000, 0x00000000d5580000)
  object space 271360K, 90% used [0x0000000080000000,0x000000008eeabd70,0x0000000090900000)
 Metaspace       used 52652K, committed 53760K, reserved 1114112K
  class space    used 5291K, committed 5760K, reserved 1048576K
}
Event: 14.938 GC heap before
{Heap before GC invocations=189 (full 10):
 PSYoungGen      total 10240K, used 10009K [0x00000000d5580000, 0x00000000d6400000, 0x0000000100000000)
  eden space 7680K, 100% used [0x00000000d5580000,0x00000000d5d00000,0x00000000d5d00000)
  from space 2560K, 90% used [0x00000000d6180000,0x00000000d63c64f8,0x00000000d6400000)
  to   space 3072K, 0% used [0x00000000d5e00000,0x00000000d5e00000,0x00000000d6100000)
 ParOldGen       total 271360K, used 244399K [0x0000000080000000, 0x0000000090900000, 0x00000000d5580000)
  object space 271360K, 90% used [0x0000000080000000,0x000000008eeabd70,0x0000000090900000)
 Metaspace       used 52738K, committed 53824K, reserved 1114112K
  class space    used 5303K, committed 5760K, reserved 1048576K
}
Event: 14.940 GC heap after
{Heap after GC invocations=189 (full 10):
 PSYoungGen      total 10752K, used 3070K [0x00000000d5580000, 0x00000000d6700000, 0x0000000100000000)
  eden space 7680K, 0% used [0x00000000d5580000,0x00000000d5580000,0x00000000d5d00000)
  from space 3072K, 99% used [0x00000000d5e00000,0x00000000d60ff870,0x00000000d6100000)
  to   space 5120K, 0% used [0x00000000d6200000,0x00000000d6200000,0x00000000d6700000)
 ParOldGen       total 271360K, used 245846K [0x0000000080000000, 0x0000000090900000, 0x00000000d5580000)
  object space 271360K, 90% used [0x0000000080000000,0x000000008f0158b8,0x0000000090900000)
 Metaspace       used 52738K, committed 53824K, reserved 1114112K
  class space    used 5303K, committed 5760K, reserved 1048576K
}
Event: 14.990 GC heap before
{Heap before GC invocations=190 (full 10):
 PSYoungGen      total 10752K, used 10750K [0x00000000d5580000, 0x00000000d6700000, 0x0000000100000000)
  eden space 7680K, 100% used [0x00000000d5580000,0x00000000d5d00000,0x00000000d5d00000)
  from space 3072K, 99% used [0x00000000d5e00000,0x00000000d60ff870,0x00000000d6100000)
  to   space 5120K, 0% used [0x00000000d6200000,0x00000000d6200000,0x00000000d6700000)
 ParOldGen       total 271360K, used 245846K [0x0000000080000000, 0x0000000090900000, 0x00000000d5580000)
  object space 271360K, 90% used [0x0000000080000000,0x000000008f0158b8,0x0000000090900000)
 Metaspace       used 52910K, committed 54016K, reserved 1114112K
  class space    used 5313K, committed 5760K, reserved 1048576K
}
Event: 14.993 GC heap after
{Heap after GC invocations=190 (full 10):
 PSYoungGen      total 10752K, used 2770K [0x00000000d5580000, 0x00000000d6500000, 0x0000000100000000)
  eden space 7680K, 0% used [0x00000000d5580000,0x00000000d5580000,0x00000000d5d00000)
  from space 3072K, 90% used [0x00000000d6200000,0x00000000d64b48b8,0x00000000d6500000)
  to   space 3584K, 0% used [0x00000000d5e00000,0x00000000d5e00000,0x00000000d6180000)
 ParOldGen       total 271360K, used 248844K [0x0000000080000000, 0x0000000090900000, 0x00000000d5580000)
  object space 271360K, 91% used [0x0000000080000000,0x000000008f3032e8,0x0000000090900000)
 Metaspace       used 52910K, committed 54016K, reserved 1114112K
  class space    used 5313K, committed 5760K, reserved 1048576K
}
Event: 15.020 GC heap before
{Heap before GC invocations=191 (full 10):
 PSYoungGen      total 10752K, used 10419K [0x00000000d5580000, 0x00000000d6500000, 0x0000000100000000)
  eden space 7680K, 99% used [0x00000000d5580000,0x00000000d5cf8588,0x00000000d5d00000)
  from space 3072K, 90% used [0x00000000d6200000,0x00000000d64b48b8,0x00000000d6500000)
  to   space 3584K, 0% used [0x00000000d5e00000,0x00000000d5e00000,0x00000000d6180000)
 ParOldGen       total 271360K, used 248844K [0x0000000080000000, 0x0000000090900000, 0x00000000d5580000)
  object space 271360K, 91% used [0x0000000080000000,0x000000008f3032e8,0x0000000090900000)
 Metaspace       used 53019K, committed 54080K, reserved 1114112K
  class space    used 5317K, committed 5760K, reserved 1048576K
}
Event: 15.022 GC heap after
{Heap after GC invocations=191 (full 10):
 PSYoungGen      total 11264K, used 3575K [0x00000000d5580000, 0x00000000d6900000, 0x0000000100000000)
  eden space 7680K, 0% used [0x00000000d5580000,0x00000000d5580000,0x00000000d5d00000)
  from space 3584K, 99% used [0x00000000d5e00000,0x00000000d617ddd0,0x00000000d6180000)
  to   space 6144K, 0% used [0x00000000d6300000,0x00000000d6300000,0x00000000d6900000)
 ParOldGen       total 271360K, used 250557K [0x0000000080000000, 0x0000000090900000, 0x00000000d5580000)
  object space 271360K, 92% used [0x0000000080000000,0x000000008f4af468,0x0000000090900000)
 Metaspace       used 53019K, committed 54080K, reserved 1114112K
  class space    used 5317K, committed 5760K, reserved 1048576K
}
Event: 15.041 GC heap before
{Heap before GC invocations=192 (full 10):
 PSYoungGen      total 11264K, used 11255K [0x00000000d5580000, 0x00000000d6900000, 0x0000000100000000)
  eden space 7680K, 100% used [0x00000000d5580000,0x00000000d5d00000,0x00000000d5d00000)
  from space 3584K, 99% used [0x00000000d5e00000,0x00000000d617ddd0,0x00000000d6180000)
  to   space 6144K, 0% used [0x00000000d6300000,0x00000000d6300000,0x00000000d6900000)
 ParOldGen       total 271360K, used 250557K [0x0000000080000000, 0x0000000090900000, 0x00000000d5580000)
  object space 271360K, 92% used [0x0000000080000000,0x000000008f4af468,0x0000000090900000)
 Metaspace       used 53201K, committed 54336K, reserved 1114112K
  class space    used 5345K, committed 5824K, reserved 1048576K
}
Event: 15.043 GC heap after
{Heap after GC invocations=192 (full 10):
 PSYoungGen      total 11776K, used 2843K [0x00000000d5580000, 0x00000000d6600000, 0x0000000100000000)
  eden space 8704K, 0% used [0x00000000d5580000,0x00000000d5580000,0x00000000d5e00000)
  from space 3072K, 92% used [0x00000000d6300000,0x00000000d65c6ca0,0x00000000d6600000)
  to   space 4096K, 0% used [0x00000000d5e00000,0x00000000d5e00000,0x00000000d6200000)
 ParOldGen       total 271360K, used 254050K [0x0000000080000000, 0x0000000090900000, 0x00000000d5580000)
  object space 271360K, 93% used [0x0000000080000000,0x000000008f818928,0x0000000090900000)
 Metaspace       used 53201K, committed 54336K, reserved 1114112K
  class space    used 5345K, committed 5824K, reserved 1048576K
}
Event: 15.068 GC heap before
{Heap before GC invocations=193 (full 10):
 PSYoungGen      total 11776K, used 11502K [0x00000000d5580000, 0x00000000d6600000, 0x0000000100000000)
  eden space 8704K, 99% used [0x00000000d5580000,0x00000000d5df4c60,0x00000000d5e00000)
  from space 3072K, 92% used [0x00000000d6300000,0x00000000d65c6ca0,0x00000000d6600000)
  to   space 4096K, 0% used [0x00000000d5e00000,0x00000000d5e00000,0x00000000d6200000)
 ParOldGen       total 271360K, used 254050K [0x0000000080000000, 0x0000000090900000, 0x00000000d5580000)
  object space 271360K, 93% used [0x0000000080000000,0x000000008f818928,0x0000000090900000)
 Metaspace       used 53346K, committed 54464K, reserved 1114112K
  class space    used 5353K, committed 5824K, reserved 1048576K
}
Event: 15.070 GC heap after
{Heap after GC invocations=193 (full 10):
 PSYoungGen      total 12800K, used 4090K [0x00000000d5580000, 0x00000000d6c00000, 0x0000000100000000)
  eden space 8704K, 0% used [0x00000000d5580000,0x00000000d5580000,0x00000000d5e00000)
  from space 4096K, 99% used [0x00000000d5e00000,0x00000000d61fe9b8,0x00000000d6200000)
  to   space 6656K, 0% used [0x00000000d6580000,0x00000000d6580000,0x00000000d6c00000)
 ParOldGen       total 271360K, used 255791K [0x0000000080000000, 0x0000000090900000, 0x00000000d5580000)
  object space 271360K, 94% used [0x0000000080000000,0x000000008f9cbde0,0x0000000090900000)
 Metaspace       used 53346K, committed 54464K, reserved 1114112K
  class space    used 5353K, committed 5824K, reserved 1048576K
}
Event: 15.097 GC heap before
{Heap before GC invocations=194 (full 10):
 PSYoungGen      total 12800K, used 12791K [0x00000000d5580000, 0x00000000d6c00000, 0x0000000100000000)
  eden space 8704K, 99% used [0x00000000d5580000,0x00000000d5dff3d8,0x00000000d5e00000)
  from space 4096K, 99% used [0x00000000d5e00000,0x00000000d61fe9b8,0x00000000d6200000)
  to   space 6656K, 0% used [0x00000000d6580000,0x00000000d6580000,0x00000000d6c00000)
 ParOldGen       total 271360K, used 255791K [0x0000000080000000, 0x0000000090900000, 0x00000000d5580000)
  object space 271360K, 94% used [0x0000000080000000,0x000000008f9cbde0,0x0000000090900000)
 Metaspace       used 53472K, committed 54656K, reserved 1114112K
  class space    used 5373K, committed 5888K, reserved 1048576K
}
Event: 15.101 GC heap after
{Heap after GC invocations=194 (full 10):
 PSYoungGen      total 13312K, used 3370K [0x00000000d5580000, 0x00000000d6900000, 0x0000000100000000)
  eden space 9728K, 0% used [0x00000000d5580000,0x00000000d5580000,0x00000000d5f00000)
  from space 3584K, 94% used [0x00000000d6580000,0x00000000d68ca828,0x00000000d6900000)
  to   space 4608K, 0% used [0x00000000d6000000,0x00000000d6000000,0x00000000d6480000)
 ParOldGen       total 271360K, used 259752K [0x0000000080000000, 0x0000000090900000, 0x00000000d5580000)
  object space 271360K, 95% used [0x0000000080000000,0x000000008fdaa300,0x0000000090900000)
 Metaspace       used 53472K, committed 54656K, reserved 1114112K
  class space    used 5373K, committed 5888K, reserved 1048576K
}
Event: 15.123 GC heap before
{Heap before GC invocations=195 (full 10):
 PSYoungGen      total 13312K, used 13063K [0x00000000d5580000, 0x00000000d6900000, 0x0000000100000000)
  eden space 9728K, 99% used [0x00000000d5580000,0x00000000d5ef7408,0x00000000d5f00000)
  from space 3584K, 94% used [0x00000000d6580000,0x00000000d68ca828,0x00000000d6900000)
  to   space 4608K, 0% used [0x00000000d6000000,0x00000000d6000000,0x00000000d6480000)
 ParOldGen       total 271360K, used 259752K [0x0000000080000000, 0x0000000090900000, 0x00000000d5580000)
  object space 271360K, 95% used [0x0000000080000000,0x000000008fdaa300,0x0000000090900000)
 Metaspace       used 53597K, committed 54720K, reserved 1114112K
  class space    used 5378K, committed 5888K, reserved 1048576K
}
Event: 15.127 GC heap after
{Heap after GC invocations=195 (full 10):
 PSYoungGen      total 15360K, used 4606K [0x00000000d5580000, 0x00000000d6f00000, 0x0000000100000000)
  eden space 10752K, 0% used [0x00000000d5580000,0x00000000d5580000,0x00000000d6000000)
  from space 4608K, 99% used [0x00000000d6000000,0x00000000d647f9f8,0x00000000d6480000)
  to   space 7680K, 0% used [0x00000000d6780000,0x00000000d6780000,0x00000000d6f00000)
 ParOldGen       total 271360K, used 261896K [0x0000000080000000, 0x0000000090900000, 0x00000000d5580000)
  object space 271360K, 96% used [0x0000000080000000,0x000000008ffc2308,0x0000000090900000)
 Metaspace       used 53597K, committed 54720K, reserved 1114112K
  class space    used 5378K, committed 5888K, reserved 1048576K
}
Event: 15.187 GC heap before
{Heap before GC invocations=196 (full 10):
 PSYoungGen      total 15360K, used 15295K [0x00000000d5580000, 0x00000000d6f00000, 0x0000000100000000)
  eden space 10752K, 99% used [0x00000000d5580000,0x00000000d5ff0420,0x00000000d6000000)
  from space 4608K, 99% used [0x00000000d6000000,0x00000000d647f9f8,0x00000000d6480000)
  to   space 7680K, 0% used [0x00000000d6780000,0x00000000d6780000,0x00000000d6f00000)
 ParOldGen       total 271360K, used 261896K [0x0000000080000000, 0x0000000090900000, 0x00000000d5580000)
  object space 271360K, 96% used [0x0000000080000000,0x000000008ffc2308,0x0000000090900000)
 Metaspace       used 53844K, committed 54976K, reserved 1114112K
  class space    used 5395K, committed 5888K, reserved 1048576K
}
Event: 15.191 GC heap after
{Heap after GC invocations=196 (full 10):
 PSYoungGen      total 16384K, used 3667K [0x00000000d5580000, 0x00000000d6b80000, 0x0000000100000000)
  eden space 12288K, 0% used [0x00000000d5580000,0x00000000d5580000,0x00000000d6180000)
  from space 4096K, 89% used [0x00000000d6780000,0x00000000d6b14ec8,0x00000000d6b80000)
  to   space 5120K, 0% used [0x00000000d6180000,0x00000000d6180000,0x00000000d6680000)
 ParOldGen       total 271360K, used 266437K [0x0000000080000000, 0x0000000090900000, 0x00000000d5580000)
  object space 271360K, 98% used [0x0000000080000000,0x0000000090431700,0x0000000090900000)
 Metaspace       used 53844K, committed 54976K, reserved 1114112K
  class space    used 5395K, committed 5888K, reserved 1048576K
}
Event: 15.191 GC heap before
{Heap before GC invocations=197 (full 11):
 PSYoungGen      total 16384K, used 3667K [0x00000000d5580000, 0x00000000d6b80000, 0x0000000100000000)
  eden space 12288K, 0% used [0x00000000d5580000,0x00000000d5580000,0x00000000d6180000)
  from space 4096K, 89% used [0x00000000d6780000,0x00000000d6b14ec8,0x00000000d6b80000)
  to   space 5120K, 0% used [0x00000000d6180000,0x00000000d6180000,0x00000000d6680000)
 ParOldGen       total 271360K, used 266437K [0x0000000080000000, 0x0000000090900000, 0x00000000d5580000)
  object space 271360K, 98% used [0x0000000080000000,0x0000000090431700,0x0000000090900000)
 Metaspace       used 53844K, committed 54976K, reserved 1114112K
  class space    used 5395K, committed 5888K, reserved 1048576K
}
Event: 15.280 GC heap after
{Heap after GC invocations=197 (full 11):
 PSYoungGen      total 17408K, used 0K [0x00000000d5580000, 0x00000000d6d00000, 0x0000000100000000)
  eden space 12288K, 0% used [0x00000000d5580000,0x00000000d5580000,0x00000000d6180000)
  from space 5120K, 0% used [0x00000000d6180000,0x00000000d6180000,0x00000000d6680000)
  to   space 5120K, 0% used [0x00000000d6800000,0x00000000d6800000,0x00000000d6d00000)
 ParOldGen       total 271360K, used 268704K [0x0000000080000000, 0x0000000090900000, 0x00000000d5580000)
  object space 271360K, 99% used [0x0000000080000000,0x00000000906682d8,0x0000000090900000)
 Metaspace       used 53844K, committed 54976K, reserved 1114112K
  class space    used 5395K, committed 5888K, reserved 1048576K
}

