# JRE version: Java(TM) SE Runtime Environment (18.0.2.1+1) (build 18.0.2.1+1-1)
# Java VM: Java HotSpot(TM) 64-Bit Server VM (18.0.2.1+1-1, mixed mode, sharing, tiered, compressed oops, compressed class ptrs, parallel gc, windows-amd64)
GC Precious Log:
 CardTable entry size: 512
 CPUs: 16 total, 16 available
 Memory: 32696M
 Large Page Support: Disabled
 NUMA Support: Disabled
 Compressed Oops: Enabled (32-bit)
 Alignments: Space 512K, Generation 512K, Heap 2M
 Heap Min Capacity: 100M
 Heap Initial Capacity: 100M
 Heap Max Capacity: 2G
 Pre-touch: Disabled
 Parallel Workers: 13
Heap:
 PSYoungGen      total 23040K, used 21528K [0x00000000d5580000, 0x00000000d7000000, 0x0000000100000000)
  eden space 22016K, 93% used [0x00000000d5580000,0x00000000d6988ff0,0x00000000d6b00000)
  from space 1024K, 98% used [0x00000000d6f00000,0x00000000d6ffd250,0x00000000d7000000)
  to   space 2560K, 0% used [0x00000000d6b00000,0x00000000d6b00000,0x00000000d6d80000)
 ParOldGen       total 68608K, used 27062K [0x0000000080000000, 0x0000000084300000, 0x00000000d5580000)
  object space 68608K, 39% used [0x0000000080000000,0x0000000081a6da80,0x0000000084300000)
 Metaspace       used 34300K, committed 35136K, reserved 1114112K
  class space    used 3333K, committed 3712K, reserved 1048576K
GC Heap History (20 events):
Event: 3.927 GC heap before
{Heap before GC invocations=8 (full 1):
 PSYoungGen      total 29696K, used 24576K [0x00000000d5580000, 0x00000000d7900000, 0x0000000100000000)
  eden space 24576K, 100% used [0x00000000d5580000,0x00000000d6d80000,0x00000000d6d80000)
  from space 5120K, 0% used [0x00000000d7300000,0x00000000d7300000,0x00000000d7800000)
  to   space 5632K, 0% used [0x00000000d6d80000,0x00000000d6d80000,0x00000000d7300000)
 ParOldGen       total 68608K, used 8966K [0x0000000080000000, 0x0000000084300000, 0x00000000d5580000)
  object space 68608K, 13% used [0x0000000080000000,0x00000000808c1820,0x0000000084300000)
 Metaspace       used 25403K, committed 26112K, reserved 1114112K
  class space    used 2425K, committed 2688K, reserved 1048576K
}
Event: 3.929 GC heap after
{Heap after GC invocations=8 (full 1):
 PSYoungGen      total 26112K, used 1731K [0x00000000d5580000, 0x00000000d7380000, 0x0000000100000000)
  eden space 24064K, 0% used [0x00000000d5580000,0x00000000d5580000,0x00000000d6d00000)
  from space 2048K, 84% used [0x00000000d6d80000,0x00000000d6f30c90,0x00000000d6f80000)
  to   space 3072K, 0% used [0x00000000d7080000,0x00000000d7080000,0x00000000d7380000)
 ParOldGen       total 68608K, used 8974K [0x0000000080000000, 0x0000000084300000, 0x00000000d5580000)
  object space 68608K, 13% used [0x0000000080000000,0x00000000808c3820,0x0000000084300000)
 Metaspace       used 25403K, committed 26112K, reserved 1114112K
  class space    used 2425K, committed 2688K, reserved 1048576K
}
Event: 4.472 GC heap before
{Heap before GC invocations=9 (full 1):
 PSYoungGen      total 26112K, used 25795K [0x00000000d5580000, 0x00000000d7380000, 0x0000000100000000)
  eden space 24064K, 100% used [0x00000000d5580000,0x00000000d6d00000,0x00000000d6d00000)
  from space 2048K, 84% used [0x00000000d6d80000,0x00000000d6f30c90,0x00000000d6f80000)
  to   space 3072K, 0% used [0x00000000d7080000,0x00000000d7080000,0x00000000d7380000)
 ParOldGen       total 68608K, used 8974K [0x0000000080000000, 0x0000000084300000, 0x00000000d5580000)
  object space 68608K, 13% used [0x0000000080000000,0x00000000808c3820,0x0000000084300000)
 Metaspace       used 28415K, committed 29184K, reserved 1114112K
  class space    used 2743K, committed 3072K, reserved 1048576K
}
Event: 4.476 GC heap after
{Heap after GC invocations=9 (full 1):
 PSYoungGen      total 26624K, used 3046K [0x00000000d5580000, 0x00000000d7380000, 0x0000000100000000)
  eden space 23552K, 0% used [0x00000000d5580000,0x00000000d5580000,0x00000000d6c80000)
  from space 3072K, 99% used [0x00000000d7080000,0x00000000d7379938,0x00000000d7380000)
  to   space 3584K, 0% used [0x00000000d6c80000,0x00000000d6c80000,0x00000000d7000000)
 ParOldGen       total 68608K, used 9078K [0x0000000080000000, 0x0000000084300000, 0x00000000d5580000)
  object space 68608K, 13% used [0x0000000080000000,0x00000000808dd820,0x0000000084300000)
 Metaspace       used 28415K, committed 29184K, reserved 1114112K
  class space    used 2743K, committed 3072K, reserved 1048576K
}
Event: 4.605 GC heap before
{Heap before GC invocations=10 (full 1):
 PSYoungGen      total 26624K, used 26598K [0x00000000d5580000, 0x00000000d7380000, 0x0000000100000000)
  eden space 23552K, 100% used [0x00000000d5580000,0x00000000d6c80000,0x00000000d6c80000)
  from space 3072K, 99% used [0x00000000d7080000,0x00000000d7379938,0x00000000d7380000)
  to   space 3584K, 0% used [0x00000000d6c80000,0x00000000d6c80000,0x00000000d7000000)
 ParOldGen       total 68608K, used 9078K [0x0000000080000000, 0x0000000084300000, 0x00000000d5580000)
  object space 68608K, 13% used [0x0000000080000000,0x00000000808dd820,0x0000000084300000)
 Metaspace       used 28597K, committed 29376K, reserved 1114112K
  class space    used 2761K, committed 3072K, reserved 1048576K
}
Event: 4.608 GC heap after
{Heap after GC invocations=10 (full 1):
 PSYoungGen      total 26624K, used 3558K [0x00000000d5580000, 0x00000000d7800000, 0x0000000100000000)
  eden space 23040K, 0% used [0x00000000d5580000,0x00000000d5580000,0x00000000d6c00000)
  from space 3584K, 99% used [0x00000000d6c80000,0x00000000d6ff9938,0x00000000d7000000)
  to   space 6144K, 0% used [0x00000000d7200000,0x00000000d7200000,0x00000000d7800000)
 ParOldGen       total 68608K, used 10770K [0x0000000080000000, 0x0000000084300000, 0x00000000d5580000)
  object space 68608K, 15% used [0x0000000080000000,0x0000000080a84910,0x0000000084300000)
 Metaspace       used 28597K, committed 29376K, reserved 1114112K
  class space    used 2761K, committed 3072K, reserved 1048576K
}
Event: 4.699 GC heap before
{Heap before GC invocations=11 (full 1):
 PSYoungGen      total 26624K, used 26598K [0x00000000d5580000, 0x00000000d7800000, 0x0000000100000000)
  eden space 23040K, 100% used [0x00000000d5580000,0x00000000d6c00000,0x00000000d6c00000)
  from space 3584K, 99% used [0x00000000d6c80000,0x00000000d6ff9938,0x00000000d7000000)
  to   space 6144K, 0% used [0x00000000d7200000,0x00000000d7200000,0x00000000d7800000)
 ParOldGen       total 68608K, used 10770K [0x0000000080000000, 0x0000000084300000, 0x00000000d5580000)
  object space 68608K, 15% used [0x0000000080000000,0x0000000080a84910,0x0000000084300000)
 Metaspace       used 28669K, committed 29504K, reserved 1114112K
  class space    used 2772K, committed 3136K, reserved 1048576K
}
Event: 4.703 GC heap after
{Heap after GC invocations=11 (full 1):
 PSYoungGen      total 27136K, used 4352K [0x00000000d5580000, 0x00000000d7680000, 0x0000000100000000)
  eden space 22528K, 0% used [0x00000000d5580000,0x00000000d5580000,0x00000000d6b80000)
  from space 4608K, 94% used [0x00000000d7200000,0x00000000d7640020,0x00000000d7680000)
  to   space 5120K, 0% used [0x00000000d6c80000,0x00000000d6c80000,0x00000000d7180000)
 ParOldGen       total 68608K, used 13262K [0x0000000080000000, 0x0000000084300000, 0x00000000d5580000)
  object space 68608K, 19% used [0x0000000080000000,0x0000000080cf3b68,0x0000000084300000)
 Metaspace       used 28669K, committed 29504K, reserved 1114112K
  class space    used 2772K, committed 3136K, reserved 1048576K
}
Event: 4.761 GC heap before
{Heap before GC invocations=12 (full 1):
 PSYoungGen      total 27136K, used 26880K [0x00000000d5580000, 0x00000000d7680000, 0x0000000100000000)
  eden space 22528K, 100% used [0x00000000d5580000,0x00000000d6b80000,0x00000000d6b80000)
  from space 4608K, 94% used [0x00000000d7200000,0x00000000d7640020,0x00000000d7680000)
  to   space 5120K, 0% used [0x00000000d6c80000,0x00000000d6c80000,0x00000000d7180000)
 ParOldGen       total 68608K, used 13262K [0x0000000080000000, 0x0000000084300000, 0x00000000d5580000)
  object space 68608K, 19% used [0x0000000080000000,0x0000000080cf3b68,0x0000000084300000)
 Metaspace       used 28669K, committed 29504K, reserved 1114112K
  class space    used 2772K, committed 3136K, reserved 1048576K
}
Event: 4.766 GC heap after
{Heap after GC invocations=12 (full 1):
 PSYoungGen      total 25088K, used 2592K [0x00000000d5580000, 0x00000000d7280000, 0x0000000100000000)
  eden space 22016K, 0% used [0x00000000d5580000,0x00000000d5580000,0x00000000d6b00000)
  from space 3072K, 84% used [0x00000000d6c80000,0x00000000d6f08000,0x00000000d6f80000)
  to   space 3072K, 0% used [0x00000000d6f80000,0x00000000d6f80000,0x00000000d7280000)
 ParOldGen       total 68608K, used 17517K [0x0000000080000000, 0x0000000084300000, 0x00000000d5580000)
  object space 68608K, 25% used [0x0000000080000000,0x000000008111b778,0x0000000084300000)
 Metaspace       used 28669K, committed 29504K, reserved 1114112K
  class space    used 2772K, committed 3136K, reserved 1048576K
}
Event: 4.813 GC heap before
{Heap before GC invocations=13 (full 1):
 PSYoungGen      total 25088K, used 24608K [0x00000000d5580000, 0x00000000d7280000, 0x0000000100000000)
  eden space 22016K, 100% used [0x00000000d5580000,0x00000000d6b00000,0x00000000d6b00000)
  from space 3072K, 84% used [0x00000000d6c80000,0x00000000d6f08000,0x00000000d6f80000)
  to   space 3072K, 0% used [0x00000000d6f80000,0x00000000d6f80000,0x00000000d7280000)
 ParOldGen       total 68608K, used 17517K [0x0000000080000000, 0x0000000084300000, 0x00000000d5580000)
  object space 68608K, 25% used [0x0000000080000000,0x000000008111b778,0x0000000084300000)
 Metaspace       used 28669K, committed 29504K, reserved 1114112K
  class space    used 2772K, committed 3136K, reserved 1048576K
}
Event: 4.817 GC heap after
{Heap after GC invocations=13 (full 1):
 PSYoungGen      total 25088K, used 2752K [0x00000000d5580000, 0x00000000d7280000, 0x0000000100000000)
  eden space 22016K, 0% used [0x00000000d5580000,0x00000000d5580000,0x00000000d6b00000)
  from space 3072K, 89% used [0x00000000d6f80000,0x00000000d7230010,0x00000000d7280000)
  to   space 3072K, 0% used [0x00000000d6c80000,0x00000000d6c80000,0x00000000d6f80000)
 ParOldGen       total 68608K, used 19941K [0x0000000080000000, 0x0000000084300000, 0x00000000d5580000)
  object space 68608K, 29% used [0x0000000080000000,0x0000000081379778,0x0000000084300000)
 Metaspace       used 28669K, committed 29504K, reserved 1114112K
  class space    used 2772K, committed 3136K, reserved 1048576K
}
Event: 5.421 GC heap before
{Heap before GC invocations=14 (full 1):
 PSYoungGen      total 25088K, used 24768K [0x00000000d5580000, 0x00000000d7280000, 0x0000000100000000)
  eden space 22016K, 100% used [0x00000000d5580000,0x00000000d6b00000,0x00000000d6b00000)
  from space 3072K, 89% used [0x00000000d6f80000,0x00000000d7230010,0x00000000d7280000)
  to   space 3072K, 0% used [0x00000000d6c80000,0x00000000d6c80000,0x00000000d6f80000)
 ParOldGen       total 68608K, used 19941K [0x0000000080000000, 0x0000000084300000, 0x00000000d5580000)
  object space 68608K, 29% used [0x0000000080000000,0x0000000081379778,0x0000000084300000)
 Metaspace       used 29484K, committed 30272K, reserved 1114112K
  class space    used 2853K, committed 3200K, reserved 1048576K
}
Event: 5.424 GC heap after
{Heap after GC invocations=14 (full 1):
 PSYoungGen      total 25088K, used 2752K [0x00000000d5580000, 0x00000000d7100000, 0x0000000100000000)
  eden space 22016K, 0% used [0x00000000d5580000,0x00000000d5580000,0x00000000d6b00000)
  from space 3072K, 89% used [0x00000000d6c80000,0x00000000d6f30300,0x00000000d6f80000)
  to   space 1536K, 0% used [0x00000000d6f80000,0x00000000d6f80000,0x00000000d7100000)
 ParOldGen       total 68608K, used 22573K [0x0000000080000000, 0x0000000084300000, 0x00000000d5580000)
  object space 68608K, 32% used [0x0000000080000000,0x000000008160b788,0x0000000084300000)
 Metaspace       used 29484K, committed 30272K, reserved 1114112K
  class space    used 2853K, committed 3200K, reserved 1048576K
}
Event: 5.743 GC heap before
{Heap before GC invocations=15 (full 1):
 PSYoungGen      total 25088K, used 24768K [0x00000000d5580000, 0x00000000d7100000, 0x0000000100000000)
  eden space 22016K, 100% used [0x00000000d5580000,0x00000000d6b00000,0x00000000d6b00000)
  from space 3072K, 89% used [0x00000000d6c80000,0x00000000d6f30300,0x00000000d6f80000)
  to   space 1536K, 0% used [0x00000000d6f80000,0x00000000d6f80000,0x00000000d7100000)
 ParOldGen       total 68608K, used 22573K [0x0000000080000000, 0x0000000084300000, 0x00000000d5580000)
  object space 68608K, 32% used [0x0000000080000000,0x000000008160b788,0x0000000084300000)
 Metaspace       used 31174K, committed 32000K, reserved 1114112K
  class space    used 3015K, committed 3392K, reserved 1048576K
}
Event: 5.745 GC heap after
{Heap after GC invocations=15 (full 1):
 PSYoungGen      total 23552K, used 1080K [0x00000000d5580000, 0x00000000d7100000, 0x0000000100000000)
  eden space 22016K, 0% used [0x00000000d5580000,0x00000000d5580000,0x00000000d6b00000)
  from space 1536K, 70% used [0x00000000d6f80000,0x00000000d708e368,0x00000000d7100000)
  to   space 2048K, 0% used [0x00000000d6d00000,0x00000000d6d00000,0x00000000d6f00000)
 ParOldGen       total 68608K, used 25161K [0x0000000080000000, 0x0000000084300000, 0x00000000d5580000)
  object space 68608K, 36% used [0x0000000080000000,0x0000000081892528,0x0000000084300000)
 Metaspace       used 31174K, committed 32000K, reserved 1114112K
  class space    used 3015K, committed 3392K, reserved 1048576K
}
Event: 6.165 GC heap before
{Heap before GC invocations=16 (full 1):
 PSYoungGen      total 23552K, used 23096K [0x00000000d5580000, 0x00000000d7100000, 0x0000000100000000)
  eden space 22016K, 100% used [0x00000000d5580000,0x00000000d6b00000,0x00000000d6b00000)
  from space 1536K, 70% used [0x00000000d6f80000,0x00000000d708e368,0x00000000d7100000)
  to   space 2048K, 0% used [0x00000000d6d00000,0x00000000d6d00000,0x00000000d6f00000)
 ParOldGen       total 68608K, used 25161K [0x0000000080000000, 0x0000000084300000, 0x00000000d5580000)
  object space 68608K, 36% used [0x0000000080000000,0x0000000081892528,0x0000000084300000)
 Metaspace       used 32631K, committed 33408K, reserved 1114112K
  class space    used 3190K, committed 3520K, reserved 1048576K
}
Event: 6.166 GC heap after
{Heap after GC invocations=16 (full 1):
 PSYoungGen      total 24064K, used 736K [0x00000000d5580000, 0x00000000d7000000, 0x0000000100000000)
  eden space 22016K, 0% used [0x00000000d5580000,0x00000000d5580000,0x00000000d6b00000)
  from space 2048K, 35% used [0x00000000d6d00000,0x00000000d6db8000,0x00000000d6f00000)
  to   space 1024K, 0% used [0x00000000d6f00000,0x00000000d6f00000,0x00000000d7000000)
 ParOldGen       total 68608K, used 25976K [0x0000000080000000, 0x0000000084300000, 0x00000000d5580000)
  object space 68608K, 37% used [0x0000000080000000,0x000000008195e010,0x0000000084300000)
 Metaspace       used 32631K, committed 33408K, reserved 1114112K
  class space    used 3190K, committed 3520K, reserved 1048576K
}
Event: 6.352 GC heap before
{Heap before GC invocations=17 (full 1):
 PSYoungGen      total 24064K, used 22752K [0x00000000d5580000, 0x00000000d7000000, 0x0000000100000000)
  eden space 22016K, 100% used [0x00000000d5580000,0x00000000d6b00000,0x00000000d6b00000)
  from space 2048K, 35% used [0x00000000d6d00000,0x00000000d6db8000,0x00000000d6f00000)
  to   space 1024K, 0% used [0x00000000d6f00000,0x00000000d6f00000,0x00000000d7000000)
 ParOldGen       total 68608K, used 25976K [0x0000000080000000, 0x0000000084300000, 0x00000000d5580000)
  object space 68608K, 37% used [0x0000000080000000,0x000000008195e010,0x0000000084300000)
 Metaspace       used 33399K, committed 34176K, reserved 1114112K
  class space    used 3250K, committed 3584K, reserved 1048576K
}
Event: 6.358 GC heap after
{Heap after GC invocations=17 (full 1):
 PSYoungGen      total 23040K, used 1012K [0x00000000d5580000, 0x00000000d7000000, 0x0000000100000000)
  eden space 22016K, 0% used [0x00000000d5580000,0x00000000d5580000,0x00000000d6b00000)
  from space 1024K, 98% used [0x00000000d6f00000,0x00000000d6ffd250,0x00000000d7000000)
  to   space 2560K, 0% used [0x00000000d6b00000,0x00000000d6b00000,0x00000000d6d80000)
 ParOldGen       total 68608K, used 27062K [0x0000000080000000, 0x0000000084300000, 0x00000000d5580000)
  object space 68608K, 39% used [0x0000000080000000,0x0000000081a6da80,0x0000000084300000)
 Metaspace       used 33399K, committed 34176K, reserved 1114112K
  class space    used 3250K, committed 3584K, reserved 1048576K
}

